[botsbase.net/index.html]
[botsbase.net/assets/css/tailwind.min.css]
[pro.fontawesome.com/releases/v5.13.1/css/all.css]
[cdn.jsdelivr.net/gh/alpinejs/alpine@v2.x.x/dist/alpine.min.js]
[use.typekit.net/wsc2hzy.css]
[cdnjs.cloudflare.com/ajax/libs/animate.css/4.1.1/animate.min.css]
[backblue.gif]
[fade.gif]
[index.html]
[botsbase.net/bots.8.delayed]
[botsbase.net/bots2679.html]
[botsbase.net/image6f94.png]
[botsbase.net/tag/Moderation.10.delayed]
[botsbase.net/tag/Moderation2679.html]
[botsbase.net/tag/Music]
[botsbase.net/tag/Music2679.html]
[botsbase.net/tag/Fun]
[botsbase.net/tag/Fun2679.html]
[botsbase.net/tag/Game]
[botsbase.net/tag/Game2679.html]
[botsbase.net/bot/764252264214036491.html]
[botsbase.net/image4574.png]
[botsbase.net/imageea4b.png]
[botsbase.net/bot/779439119339749457.html]
[botsbase.net/imagef419.png]
[botsbase.net/image84eb.png]
[botsbase.net/bot/710115789537017926.html]
[botsbase.net/image1aad.png]
[botsbase.net/bot/736217568578109450.html]
[botsbase.net/imageb435.png]
[botsbase.net/bot/770413374537203724.html]
[botsbase.net/imageae4a.png]
[botsbase.net/bot/615821639740817409.html]
[botsbase.net/image1c34.png]
[botsbase.net/bot/619226634662182918.html]
[botsbase.net/image25ca.png]
[botsbase.net/bot/772889561957269515.html]
[botsbase.net/image863d.png]
[botsbase.net/bot/774765565466116126.html]
[botsbase.net/imagef805.png]
[botsbase.net/bot/750834830882766910.html]
[botsbase.net/image84f5.png]
[botsbase.net/bot/750652568686034954.html]
[botsbase.net/image74dd.png]
[botsbase.net/bot/689171084867665989.html]
[botsbase.net/image4b75.png]
[botsbase.net/bot/738517353486221343.html]
[botsbase.net/imagea44a.png]
[botsbase.net/bot/736892633242402908.html]
[botsbase.net/imagead99.png]
[botsbase.net/assets/js/jquery.min.js]
[botsbase.net/assets/js/main.js]
[botsbase.net/index.html]
[botsbase.net/assets/css/tailwind.min.css]
[pro.fontawesome.com/releases/v5.13.1/css/all.css]
[use.typekit.net/af/b683e3/00000000000000003b9b306c/27/lc150]
[use.typekit.net/af/b683e3/00000000000000003b9b306c/27/dc150]
[use.typekit.net/af/cfd60a/00000000000000003b9b3034/27/le003]
[use.typekit.net/af/b683e3/00000000000000003b9b306c/27/ac150]
[use.typekit.net/af/cfd60a/00000000000000003b9b3034/27/de003]
[use.typekit.net/af/cfd60a/00000000000000003b9b3034/27/ae003]
[use.typekit.net/af/2657d4/00000000000000003b9b3038/27/l652f]
[use.typekit.net/af/2657d4/00000000000000003b9b3038/27/d652f]
[use.typekit.net/wsc2hzy.css]
[cdnjs.cloudflare.com/ajax/libs/animate.css/4.1.1/animate.min.css]
[use.typekit.net/af/2657d4/00000000000000003b9b3038/27/a652f]
[botsbase.net/assets/css/main.css]
[botsbase.net/bot/747076873359458370.html]
[botsbase.net/image4dc3.png]
[botsbase.net/bot/772072091905425428.html]
[botsbase.net/image0892.png]
[botsbase.net/bot/760103226136723497.html]
[botsbase.net/image786f.png]
[botsbase.net/bot/779734377780477982.html]
[botsbase.net/image00e2.png]
[botsbase.net/bots02e4]
[botsbase.net/bots2679.html]
[botsbase.net/bots4658.html]
[botsbase.net/tag/Moderation02e4]
[botsbase.net/tag/Moderation2679.html]
[botsbase.net/tag/Moderation4658.html]
[botsbase.net/tag/Music02e4]
[botsbase.net/tag/Music2679.html]
[botsbase.net/tag/Music4658.html]
[botsbase.net/tag/Fun02e4]
[botsbase.net/tag/Fun2679.html]
[botsbase.net/tag/Fun4658.html]
[botsbase.net/tag/Game02e4]
[botsbase.net/tag/Game4658.html]
[botsbase.net/tag/Game2679.html]
[botsbase.net/image4a4f.png]
[botsbase.net/invite/764252264214036491]
[botsbase.net/vote/764252264214036491.html]
[botsbase.net/imageb40a.png]
[botsbase.net/user/515632112330866690.html]
[cdn.discordapp.com/attachments/764927487515295774/781281916590227536/IMG_20201125_161357.jpg]
[cdn.discordapp.com/attachments/763609319572635688/779169464938921994/Screenshot_20201119_201945.jpg]
[cdn.discordapp.com/attachments/763609319572635688/778487468663111731/Screenshot_20201117_230925.jpg]
[cdn.discordapp.com/attachments/763609319572635688/778487468877676604/Screenshot_20201117_230942.jpg]
[cdn.discordapp.com/attachments/626920537452576825/778697323127636008/Screenshot_20201118_130335.jpg]
[botsbase.net/bot/764252264214036491.html]
[botsbase.net/bot/742549519899557958]
[botsbase.net/image53dc.png]
[botsbase.net/invite/779439119339749457]
[botsbase.net/vote/779439119339749457.html]
[botsbase.net/tag/Turhish]
[botsbase.net/tag/Turhish2679.html]
[botsbase.net/tag/Autorole]
[botsbase.net/tag/Autorole2679.html]
[botsbase.net/image1831.png]
[botsbase.net/bot/779439119339749457.html]
[botsbase.net/user/451353813631369216.html]
[botsbase.net/bot/768534891154374768]
[botsbase.net/imagefb62.png]
[botsbase.net/invite/710115789537017926]
[botsbase.net/vote/710115789537017926.html]
[botsbase.net/image1435.png]
[botsbase.net/user/586822327568695317.html]
[code.jquery.com/jquery-3.3.1.slim.min.js]
[cdnjs.cloudflare.com/ajax/libs/popper.js/1.14.7/umd/popper.min.js]
[stackpath.bootstrapcdn.com/bootstrap/4.3.1/js/bootstrap.min.js]
[botsbase.net/bot/js/now-ui-kit.min.js]
[botsbase.net/bot/710115789537017926.html]
[botsbase.net/image3cab.png]
[botsbase.net/invite/736217568578109450]
[botsbase.net/vote/736217568578109450.html]
[botsbase.net/image6cd3.png]
[botsbase.net/user/602030875999469569]
[botsbase.net/user/kraken.html]
[botsbase.net/bot/736217568578109450.html]
[botsbase.net/imagea34e.png]
[botsbase.net/invite/770413374537203724]
[botsbase.net/vote/770413374537203724.html]
[botsbase.net/bot/aerobots.glitch.me]
[botsbase.net/tag/Turkish]
[botsbase.net/tag/Turkish2679.html]
[botsbase.net/tag/Invite]
[botsbase.net/tag/Invite2679.html]
[botsbase.net/tag/Emojis]
[botsbase.net/tag/Emojis2679.html]
[botsbase.net/image1ad3.png]
[botsbase.net/user/323814225204084738.html]
[botsbase.net/imageacad.png]
[botsbase.net/user/755900507914109041]
[botsbase.net/bot/770413374537203724.html]
[botsbase.net/imagec977.png]
[botsbase.net/invite/615821639740817409]
[botsbase.net/vote/615821639740817409.html]
[botsbase.net/image0d6a.png]
[botsbase.net/bot/615821639740817409.html]
[botsbase.net/imagebafb.png]
[botsbase.net/invite/619226634662182918]
[botsbase.net/vote/619226634662182918.html]
[botsbase.net/image42c3.png]
[botsbase.net/user/585952471721967646]
[botsbase.net/bot/619226634662182918.html]
[botsbase.net/image70aa.png]
[botsbase.net/invite/772889561957269515]
[botsbase.net/vote/772889561957269515.html]
[botsbase.net/tag/Meme]
[botsbase.net/tag/Meme2679.html]
[botsbase.net/imagef2f0.png]
[botsbase.net/bot/772889561957269515.html]
[botsbase.net/user/722186767704522812.html]
[botsbase.net/imageb4d0.png]
[botsbase.net/invite/774765565466116126]
[botsbase.net/vote/774765565466116126.html]
[botsbase.net/imaged570.png]
[botsbase.net/user/769241220110352416.html]
[botsbase.net/image194f.png]
[botsbase.net/bot/774765565466116126.html]
[botsbase.net/user/756144498832179211.html]
[botsbase.net/image7734.png]
[botsbase.net/invite/750834830882766910]
[botsbase.net/vote/750834830882766910.html]
[botsbase.net/image6cba.png]
[botsbase.net/bot/750834830882766910.html]
[botsbase.net/image421b.png]
[botsbase.net/invite/750652568686034954]
[botsbase.net/vote/750652568686034954.html]
[botsbase.net/imageb6c4.png]
[botsbase.net/user/742810584332107776.html]
[botsbase.net/image06e2.png]
[botsbase.net/user/319503495873036300]
[botsbase.net/bot/750652568686034954.html]
[botsbase.net/image4aea.png]
[botsbase.net/invite/689171084867665989]
[botsbase.net/vote/689171084867665989.html]
[botsbase.net/tag/NSFW]
[botsbase.net/tag/NSFW2679.html]
[botsbase.net/tag/Minecraft]
[botsbase.net/tag/Minecraft2679.html]
[botsbase.net/tag/Fortnite]
[botsbase.net/tag/Fortnite2679.html]
[botsbase.net/image5c54.png]
[botsbase.net/bot/689171084867665989.html]
[botsbase.net/user/689169122604744833.html]
[botsbase.net/imagee8f9.png]
[botsbase.net/invite/738517353486221343]
[botsbase.net/vote/738517353486221343.html]
[botsbase.net/imagebd52.png]
[botsbase.net/bot/738517353486221343.html]
[botsbase.net/user/387665046374711297.html]
[botsbase.net/image5489.png]
[botsbase.net/invite/736892633242402908]
[botsbase.net/vote/736892633242402908.html]
[botsbase.net/image29e4.png]
[botsbase.net/bot/736892633242402908.html]
[p.typekit.net/p4029.css]
[botsbase.net/user/534786476504776704.html]
[botsbase.net/assets/css/main.css]
[botsbase.net/imagef08d.png]
[botsbase.net/invite/747076873359458370]
[botsbase.net/vote/747076873359458370.html]
[botsbase.net/image22c8.png]
[botsbase.net/bot/747076873359458370.html]
[botsbase.net/user/250486950828441602.html]
[botsbase.net/imagedbd9.png]
[botsbase.net/invite/772072091905425428]
[botsbase.net/vote/772072091905425428.html]
[botsbase.net/image3f91.png]
[botsbase.net/user/700775066518028308.html]
[images.hdqwalls.com/wallpapers/dark-minimalist-blur-4k-4o.jpg]
[botsbase.net/bot/772072091905425428.html]
[botsbase.net/imagec778.png]
[botsbase.net/invite/760103226136723497]
[botsbase.net/vote/760103226136723497.html]
[botsbase.net/image9427.png]
[botsbase.net/user/473534610148556811.html]
[cdn.discordapp.com/attachments/736197586565857733/750691518192418867/cic.png]
[botsbase.net/bot/760103226136723497.html]
[botsbase.net/image913b.png]
[botsbase.net/invite/779734377780477982.178.delayed]
[botsbase.net/vote/779734377780477982.html]
[botsbase.net/image9479.png]
[botsbase.net/user/779733309184802836.html]
[botsbase.net/bot/779734377780477982.html]
[botsbase.net/bot/773833279941640192.html]
[botsbase.net/imagee687.png]
[botsbase.net/bot/732870797810466867.html]
[botsbase.net/image1c12.png]
[botsbase.net/bot/740822744303927378.html]
[botsbase.net/image3edd.png]
[botsbase.net/bot/751151926959276050.html]
[botsbase.net/image1e2a.png]
[botsbase.net/bot/734819851889016902.html]
[botsbase.net/image9157.png]
[botsbase.net/bot/779979611521548298.html]
[botsbase.net/image9d86.png]
[botsbase.net/bot/780844901348802561.html]
[botsbase.net/image4306.png]
[botsbase.net/bot/699288338561106000.html]
[botsbase.net/image9c7a.png]
[botsbase.net/bot/774154474063003658.html]
[botsbase.net/imageb246.png]
[botsbase.net/bot/763772564962148402.html]
[botsbase.net/imagee3a3.png]
[botsbase.net/bots9ba9.html]
[botsbase.net/bots4658.html]
[botsbase.net/tag/Moderation4658.html]
[botsbase.net/tag/Moderation9ba9.html]
[botsbase.net/tag/Music4658.html]
[botsbase.net/tag/Music9ba9.html]
[botsbase.net/tag/Fun4658.html]
[botsbase.net/tag/Fun9ba9.html]
[botsbase.net/tag/Game4658.html]
[botsbase.net/tag/Game9ba9.html]
[botsbase.net/imageeeba.png]
[botsbase.net/assets/js/vote.js]
[botsbase.net/vote/764252264214036491.html]
[unpkg.com/tippy.js@6.2.7/animations/scale.css]
[botsbase.net/assets/js/updateProfile.js]
[botsbase.net/user/515632112330866690.html]
[botsbase.net/image48a0.png]
[botsbase.net/invite/742549519899557958]
[botsbase.net/vote/742549519899557958.html]
[botsbase.net/image6724.png]
[botsbase.net/bot/742549519899557958]
[botsbase.net/user/672576880016359426.html]
[botsbase.net/imagef9e9.png]
[botsbase.net/vote/779439119339749457.html]
[botsbase.net/tag/Turhish02e4]
[botsbase.net/tag/Turhish2679.html]
[botsbase.net/tag/Turhish4658.html]
[botsbase.net/tag/Autorole02e4]
[botsbase.net/tag/Autorole2679.html]
[botsbase.net/tag/Autorole4658.html]
[botsbase.net/user/451353813631369216.html]
[botsbase.net/image0c3f.png]
[botsbase.net/invite/768534891154374768]
[botsbase.net/vote/768534891154374768.html]
[botsbase.net/image3c24.png]
[botsbase.net/user/585548631268917254.html]
[botsbase.net/image019d.png]
[botsbase.net/user/219084587542773760]
[botsbase.net/image30c9.png]
[botsbase.net/bot/768534891154374768]
[botsbase.net/user/106808322333630464.html]
[botsbase.net/imageec91.png]
[botsbase.net/vote/710115789537017926.html]
[botsbase.net/image0f44.png]
[botsbase.net/user/586822327568695317.html]
[botsbase.net/imagedb33.png]
[botsbase.net/vote/736217568578109450.html]
[botsbase.net/image2b83.png]
[botsbase.net/user/kraken.html]
[botsbase.net/imageabb1.png]
[botsbase.net/vote/770413374537203724.html]
[botsbase.net/tag/Turkish02e4]
[botsbase.net/tag/Turkish2679.html]
[botsbase.net/tag/Invite02e4]
[botsbase.net/tag/Turkish4658.html]
[botsbase.net/tag/Invite2679.html]
[botsbase.net/tag/Invite4658.html]
[botsbase.net/tag/Emojis02e4]
[botsbase.net/tag/Emojis2679.html]
[botsbase.net/tag/Emojis4658.html]
[botsbase.net/user/323814225204084738.html]
[botsbase.net/image5742.png]
[botsbase.net/vote/615821639740817409.html]
[botsbase.net/imageba8a.png]
[botsbase.net/vote/619226634662182918.html]
[botsbase.net/image26c8.png]
[botsbase.net/vote/772889561957269515.html]
[botsbase.net/tag/Meme02e4]
[botsbase.net/tag/Meme2679.html]
[botsbase.net/tag/Meme4658.html]
[botsbase.net/user/722186767704522812.html]
[botsbase.net/image7feb.png]
[botsbase.net/vote/774765565466116126.html]
[botsbase.net/user/769241220110352416.html]
[botsbase.net/user/756144498832179211.html]
[botsbase.net/image0f65.png]
[botsbase.net/vote/750834830882766910.html]
[botsbase.net/user/711219123060736030]
[botsbase.net/image15e5.png]
[botsbase.net/vote/750652568686034954.html]
[botsbase.net/user/742810584332107776.html]
[botsbase.net/imageb8f1.png]
[botsbase.net/vote/689171084867665989.html]
[botsbase.net/tag/NSFW02e4]
[botsbase.net/tag/NSFW4658.html]
[botsbase.net/tag/NSFW2679.html]
[botsbase.net/tag/Minecraft02e4]
[botsbase.net/tag/Minecraft2679.html]
[botsbase.net/tag/Minecraft4658.html]
[botsbase.net/tag/Fortnite02e4]
[botsbase.net/tag/Fortnite4658.html]
[botsbase.net/tag/Fortnite2679.html]
[botsbase.net/user/689169122604744833.html]
[botsbase.net/imaged63d.png]
[botsbase.net/vote/738517353486221343.html]
[botsbase.net/user/387665046374711297.html]
[botsbase.net/imagef7c9.png]
[botsbase.net/vote/736892633242402908.html]
[botsbase.net/user/534786476504776704.html]
[botsbase.net/image713c.png]
[botsbase.net/vote/747076873359458370.html]
[botsbase.net/user/250486950828441602.html]
[botsbase.net/image694c.png]
[botsbase.net/vote/772072091905425428.html]
[botsbase.net/user/700775066518028308.html]
[botsbase.net/image2e3a.png]
[botsbase.net/vote/760103226136723497.html]
[botsbase.net/user/473534610148556811.html]
[botsbase.net/image9597.png]
[botsbase.net/vote/779734377780477982.html]
[botsbase.net/imaged4ab.png]
[botsbase.net/user/779733309184802836.html]
[botsbase.net/image7806.png]
[botsbase.net/invite/773833279941640192]
[botsbase.net/vote/773833279941640192.html]
[botsbase.net/image27d7.png]
[botsbase.net/user/727973322595500173.html]
[i.hizliresim.com/16X0Ez.png]
[i.hizliresim.com/nn6HSq.png]
[i.hizliresim.com/1MFdVM.png]
[i.hizliresim.com/g5ikef.png]
[botsbase.net/bot/773833279941640192.html]
[botsbase.net/image1f1b.png]
[botsbase.net/invite/732870797810466867]
[botsbase.net/vote/732870797810466867.html]
[botsbase.net/bot/discord.gg/aG7UbccUY9]
[botsbase.net/imaged1ab.png]
[botsbase.net/bot/732870797810466867.html]
[botsbase.net/user/471953851663122432.html]
[botsbase.net/image11f2.png]
[botsbase.net/invite/740822744303927378]
[botsbase.net/vote/740822744303927378.html]
[botsbase.net/image9a0e.png]
[botsbase.net/bot/740822744303927378.html]
[botsbase.net/bot/751151926959276050.html]
[botsbase.net/user/490560953046401024.html]
[botsbase.net/image8d5f.png]
[botsbase.net/invite/734819851889016902]
[botsbase.net/vote/734819851889016902.html]
[botsbase.net/imageeab7.png]
[botsbase.net/bot/734819851889016902.html]
[botsbase.net/user/632374998727917569.html]
[botsbase.net/image579a.png]
[botsbase.net/invite/779979611521548298]
[botsbase.net/vote/779979611521548298.html]
[botsbase.net/imagea0f2.png]
[botsbase.net/bot/779979611521548298.html]
[botsbase.net/user/764207006995054643.html]
[botsbase.net/imagece0a.png]
[botsbase.net/invite/780844901348802561]
[botsbase.net/vote/780844901348802561.html]
[botsbase.net/image4bf9.png]
[botsbase.net/user/672430233168642058.html]
[botsbase.net/image5c93.png]
[botsbase.net/user/634778080044646400]
[botsbase.net/bot/780844901348802561.html]
[botsbase.net/image2754.png]
[botsbase.net/invite/699288338561106000]
[botsbase.net/vote/699288338561106000.html]
[botsbase.net/image9f46.png]
[botsbase.net/bot/699288338561106000.html]
[botsbase.net/user/530480305832984577.html]
[botsbase.net/imagea13f.png]
[botsbase.net/invite/774154474063003658]
[botsbase.net/vote/774154474063003658.html]
[botsbase.net/imagef2ef.png]
[botsbase.net/bot/774154474063003658.html]
[botsbase.net/user/759366576121708586.html]
[botsbase.net/imageaa3c.png]
[botsbase.net/invite/763772564962148402]
[botsbase.net/vote/763772564962148402.html]
[botsbase.net/imagef5b4.png]
[botsbase.net/user/518794343256031234.html]
[botsbase.net/image1bd3.png]
[botsbase.net/user/745018038012739625]
[botsbase.net/image9eb9.png]
[botsbase.net/user/592603392195428374]
[botsbase.net/bot/763772564962148402.html]
[botsbase.net/bot/580159619415146506.html]
[botsbase.net/imageba4f.png]
[botsbase.net/bot/371789181954818050.html]
[botsbase.net/imaged625.png]
[botsbase.net/bot/346346285953056770.html]
[botsbase.net/image1650.png]
[botsbase.net/bot/325892959130222592.html]
[botsbase.net/image97c7.png]
[botsbase.net/bot/434556304661544960.html]
[botsbase.net/image54a1.png]
[botsbase.net/bot/725801889874313358.html]
[botsbase.net/image5a1b.png]
[botsbase.net/bot/568083171455795200.html]
[botsbase.net/image1cfb.png]
[botsbase.net/bot/768445453233553408.html]
[botsbase.net/image8a0d.png]
[botsbase.net/bot/591250472652898315.html]
[botsbase.net/imaged0c2.png]
[botsbase.net/bot/757967911771177072.html]
[botsbase.net/imagef65e.png]
[botsbase.net/bots9ba9.html]
[botsbase.net/botsfdb0.html]
[botsbase.net/tag/Moderation9ba9.html]
[botsbase.net/tag/Moderationfdb0.html]
[botsbase.net/tag/Music9ba9.html]
[botsbase.net/tag/Musicfdb0.html]
[botsbase.net/tag/Fun9ba9.html]
[botsbase.net/tag/Funfdb0.html]
[botsbase.net/tag/Game9ba9.html]
[botsbase.net/tag/Gamefdb0.html]
[unpkg.com/tippy.js@6.2.7/animations/scale.css]
[botsbase.net/image1f57.png]
[botsbase.net/vote/742549519899557958.html]
[botsbase.net/user/672576880016359426.html]
[botsbase.net/tag/Turhish4658.html]
[botsbase.net/tag/Autorole9ba9.html]
[botsbase.net/tag/Autorole4658.html]
[botsbase.net/image7648.png]
[botsbase.net/vote/768534891154374768.html]
[botsbase.net/user/585548631268917254.html]
[botsbase.net/user/106808322333630464.html]
[botsbase.net/tag/Turkish4658.html]
[botsbase.net/tag/Turkish9ba9.html]
[botsbase.net/tag/Invite4658.html]
[botsbase.net/tag/Invite9ba9.html]
[botsbase.net/tag/Emojis4658.html]
[botsbase.net/tag/Emojis9ba9.html]
[botsbase.net/tag/Meme4658.html]
[botsbase.net/tag/Meme9ba9.html]
[botsbase.net/user/711219123060736030]
[botsbase.net/tag/NSFW4658.html]
[botsbase.net/tag/NSFW9ba9.html]
[botsbase.net/tag/Minecraft4658.html]
[botsbase.net/tag/Minecraft9ba9.html]
[botsbase.net/tag/Fortnite4658.html]
[botsbase.net/tag/Fortnite9ba9.html]
[botsbase.net/image8106.png]
[botsbase.net/vote/773833279941640192.html]
[botsbase.net/user/727973322595500173.html]
[botsbase.net/imaged66b.png]
[botsbase.net/vote/732870797810466867.html]
[botsbase.net/user/471953851663122432.html]
[botsbase.net/image1039.png]
[botsbase.net/vote/740822744303927378.html]
[botsbase.net/user/490560953046401024.html]
[botsbase.net/imagee081.png]
[botsbase.net/vote/734819851889016902.html]
[botsbase.net/user/632374998727917569.html]
[botsbase.net/imagec8f9.png]
[botsbase.net/vote/779979611521548298.html]
[botsbase.net/user/764207006995054643.html]
[botsbase.net/image6483.png]
[botsbase.net/vote/780844901348802561.html]
[botsbase.net/user/672430233168642058.html]
[botsbase.net/image24d8.png]
[botsbase.net/vote/699288338561106000.html]
[botsbase.net/user/530480305832984577.html]
[botsbase.net/image5cfa.png]
[botsbase.net/vote/774154474063003658.html]
[botsbase.net/user/759366576121708586.html]
[botsbase.net/image87a3.png]
[botsbase.net/vote/763772564962148402.html]
[botsbase.net/user/518794343256031234.html]
[botsbase.net/image8d2f.png]
[botsbase.net/invite/580159619415146506]
[botsbase.net/vote/580159619415146506.html]
[botsbase.net/image3b95.png]
[botsbase.net/user/190590364871032834.html]
[img.fluxpoint.dev/med/2581329313005568.jpg]
[i.imgur.com/QO7hHW6.png]
[botsbase.net/bot/580159619415146506.html]
[botsbase.net/image103a.png]
[botsbase.net/invite/371789181954818050]
[botsbase.net/vote/371789181954818050.html]
[img.fluxpoint.dev/med/2531935482019840.jpg]
[botsbase.net/bot/371789181954818050.html]
[botsbase.net/imagec3c7.png]
[botsbase.net/invite/346346285953056770]
[botsbase.net/vote/346346285953056770.html]
[img.fluxpoint.dev/med/2581322920886272.jpg]
[i.imgur.com/NK5MZi7.png]
[i.imgur.com/6yTtVJp.png]
[i.imgur.com/gVbFwVw.png]
[i.imgur.com/eFZ8wwh.png]
[i.imgur.com/sVxiLzx.png]
[i.imgur.com/jiB8jJt.png]
[i.imgur.com/CpoWC1j.png]
[i.imgur.com/GNWqQta.png]
[i.imgur.com/7PVVuqG.png]
[i.imgur.com/7BofG1W.png]
[i.imgur.com/ADilvmV.png]
[i.imgur.com/CkxkBlk.png]
[i.imgur.com/Qb8pGVW.png]
[i.imgur.com/Wxx9ila.png]
[i.imgur.com/oRAEoe1.png]
[i.imgur.com/Oa91IUF.png]
[i.imgur.com/lPEQAxE.png]
[i.imgur.com/szKJZkU.png]
[i.imgur.com/a6vwOR5.png]
[botsbase.net/bot/346346285953056770.html]
[botsbase.net/imagefd78.png]
[botsbase.net/invite/325892959130222592.525.delayed]
[botsbase.net/vote/325892959130222592.html]
[img.fluxpoint.dev/2581268713701376.png]
[i.imgur.com/SkSLlUZ.png]
[i.imgur.com/merOjD0.png]
[i.imgur.com/8SMuF6a.png]
[botsbase.net/bot/325892959130222592.html]
[botsbase.net/imageaf22.png]
[botsbase.net/invite/434556304661544960.533.delayed]
[botsbase.net/vote/434556304661544960.html]
[img.fluxpoint.dev/med/2532040314454016.png]
[i.imgur.com/YPcuI08.png]
[i.imgur.com/JXq02Xg.png]
[i.imgur.com/lhdovMI.png]
[i.imgur.com/mD8yVEi.png]
[i.imgur.com/FwT8H8M.png]
[i.imgur.com/lHVGq7V.png]
[i.imgur.com/Hx8L7vl.png]
[i.imgur.com/Kzxjsh2.png]
[i.imgur.com/dMsybId.png]
[i.imgur.com/YDs0BKr.png]
[i.imgur.com/NABnDMP.png]
[i.imgur.com/LXugi2A.png]
[botsbase.net/bot/434556304661544960.html]
[botsbase.net/imageccb5.png]
[botsbase.net/invite/725801889874313358.54a.delayed]
[botsbase.net/vote/725801889874313358.html]
[botsbase.net/imageec49.png]
[botsbase.net/bot/725801889874313358.html]
[botsbase.net/user/526741240855920640.html]
[botsbase.net/imaged703.png]
[botsbase.net/invite/568083171455795200]
[botsbase.net/vote/568083171455795200.html]
[botsbase.net/imageb7f8.png]
[botsbase.net/user/266103595949096960.html]
[i.imgur.com/FXj58m0.png]
[i.imgur.com/iO3TZci.png]
[i.imgur.com/v1VMEkt.png]
[i.imgur.com/ZsUdVoY.png]
[i.imgur.com/uHlkPMj.png]
[i.imgur.com/2Por8ga.png]
[i.imgur.com/9jstvSr.png]
[raster.shields.io/badge/dynamic/jsondf6f.png]
[i.imgur.com/Ef9yln7.png]
[i.imgur.com/wWcfM3G.png]
[i.imgur.com/0BMl0bY.png]
[i.imgur.com/QWAhRkI.png]
[discordapp.com/api/guilds/381550705363648512/embed7c49.png]
[botsbase.net/bot/568083171455795200.html]
[botsbase.net/image24f0.png]
[botsbase.net/invite/768445453233553408.56f.delayed]
[botsbase.net/vote/768445453233553408.html]
[botsbase.net/image2201.png]
[botsbase.net/bot/768445453233553408.html]
[botsbase.net/user/745309517016989827.html]
[botsbase.net/image676c.png]
[botsbase.net/invite/591250472652898315]
[botsbase.net/vote/591250472652898315.html]
[botsbase.net/image0fa6.png]
[botsbase.net/user/267604752764764160.html]
[cdn.glitch.com/8786d0d8-ea5c-4578-a642-461dec647451/16104255710.jpg]
[botsbase.net/bot/591250472652898315.html]
[botsbase.net/image43cd.png]
[botsbase.net/invite/757967911771177072.588.delayed]
[botsbase.net/vote/757967911771177072.html]
[botsbase.net/image0a14.png]
[botsbase.net/user/357651965137649674.html]
[botsbase.net/image844c.png]
[botsbase.net/user/751053547629707284]
[botsbase.net/bot/757967911771177072.html]
[botsbase.net/bot/707338477074776126.html]
[botsbase.net/image4270.png]
[botsbase.net/bot/735147814878969968.html]
[botsbase.net/imagee306.png]
[botsbase.net/bot/769839008544718849.html]
[botsbase.net/image6f67.png]
[botsbase.net/bot/694105911664443472.html]
[botsbase.net/image9ee4.png]
[botsbase.net/bot/744506496255000596.html]
[botsbase.net/imaged577.png]
[botsbase.net/bot/765901593123618856.html]
[botsbase.net/imagee649.png]
[botsbase.net/bot/769093130866786334.html]
[botsbase.net/image117c.png]
[botsbase.net/bot/737577618769182731.html]
[botsbase.net/imagea699.png]
[botsbase.net/bot/740345917542105149.html]
[botsbase.net/imagecadf.png]
[botsbase.net/bot/734819219618660373.html]
[botsbase.net/image2133.png]
[botsbase.net/bot/732309072845602936.html]
[botsbase.net/image4982.png]
[botsbase.net/bot/744990839339483276.html]
[botsbase.net/image9a78.png]
[botsbase.net/botsfdb0.html]
[botsbase.net/botsaf4d.html]
[botsbase.net/tag/Moderationfdb0.html]
[botsbase.net/tag/Moderationaf4d.html]
[botsbase.net/tag/Musicfdb0.html]
[botsbase.net/tag/Musicaf4d.html]
[botsbase.net/tag/Funaf4d.html]
[botsbase.net/tag/Funfdb0.html]
[botsbase.net/tag/Gamefdb0.html]
[botsbase.net/tag/Gameaf4d.html]
[botsbase.net/tag/Turhish9ba9]
[botsbase.net/tag/Autorole9ba9.html]
[botsbase.net/tag/Autorolefdb0.html]
[botsbase.net/tag/Turkishfdb0.html]
[botsbase.net/tag/Turkish9ba9.html]
[botsbase.net/tag/Invite9ba9.html]
[botsbase.net/tag/Invitefdb0.html]
[botsbase.net/tag/Emojis9ba9.html]
[botsbase.net/tag/Emojisfdb0.html]
[botsbase.net/user/index.html]
[botsbase.net/tag/Meme9ba9.html]
[botsbase.net/tag/Memefdb0.html]
[botsbase.net/tag/NSFW9ba9.html]
[botsbase.net/tag/NSFWfdb0.html]
[botsbase.net/tag/Minecraft9ba9.html]
[botsbase.net/tag/Minecraftfdb0.html]
[botsbase.net/tag/Fortnite9ba9.html]
[botsbase.net/tag/Fortnitefdb0.html]
[botsbase.net/image56db.png]
[botsbase.net/vote/580159619415146506.html]
[botsbase.net/user/190590364871032834.html]
[botsbase.net/image2c0e.png]
[botsbase.net/vote/371789181954818050.html]
[botsbase.net/image45b2.png]
[botsbase.net/vote/346346285953056770.html]
[botsbase.net/image6c83.png]
[botsbase.net/vote/325892959130222592.html]
[botsbase.net/image0957.png]
[botsbase.net/vote/434556304661544960.html]
[botsbase.net/imagefee7.png]
[botsbase.net/vote/725801889874313358.html]
[botsbase.net/user/526741240855920640.html]
[botsbase.net/image57cd.png]
[botsbase.net/vote/568083171455795200.html]
[botsbase.net/user/266103595949096960.html]
[botsbase.net/image54ab.png]
[botsbase.net/vote/768445453233553408.html]
[botsbase.net/user/745309517016989827.html]
[botsbase.net/imagebfc4.png]
[botsbase.net/vote/591250472652898315.html]
[botsbase.net/user/267604752764764160.html]
[botsbase.net/imageea9a.png]
[botsbase.net/vote/757967911771177072.html]
[botsbase.net/user/357651965137649674.html]
[botsbase.net/image7eb9.png]
[botsbase.net/invite/707338477074776126]
[botsbase.net/vote/707338477074776126.html]
[botsbase.net/image2089.png]
[botsbase.net/user/536120588691832852.html]
[botsbase.net/image0952.png]
[botsbase.net/user/219962775810736130]
[botsbase.net/bot/707338477074776126.html]
[botsbase.net/image52f8.png]
[botsbase.net/invite/735147814878969968]
[botsbase.net/vote/735147814878969968.html]
[botsbase.net/bot/discord.gg/93ewZFu]
[botsbase.net/imageb890.png]
[botsbase.net/user/691288534375596062.html]
[media.discordapp.net/attachments/711563835424768063/777523608175116298/unknown5f50.png]
[media.discordapp.net/attachments/711563835424768063/751381381623578664/unknowna861.png]
[media.discordapp.net/attachments/750005819009138862/751385668063723540/unknown78a2.png]
[media.discordapp.net/attachments/751388458064281630/751388964149133392/unknown.png]
[media.discordapp.net/attachments/740572220983869472/751389267875594300/unknown.png]
[media.discordapp.net/attachments/751388458064281630/751388703284527174/unknown.png]
[media.discordapp.net/attachments/739882664580087968/751391513522470952/unknown.png]
[media.discordapp.net/attachments/736288053148254332/751389741697597450/unknown6af7.png]
[media.discordapp.net/attachments/739882664580087968/751390907445542942/unknown.png]
[botsbase.net/bot/735147814878969968.html]
[media.discordapp.net/attachments/739882664580087968/751391060390838352/unknown.png]
[botsbase.net/image7211.png]
[botsbase.net/invite/769839008544718849]
[botsbase.net/vote/769839008544718849.html]
[botsbase.net/image6309.png]
[botsbase.net/bot/769839008544718849.html]
[botsbase.net/user/743164994270527588.html]
[botsbase.net/image6faf.png]
[botsbase.net/invite/694105911664443472]
[botsbase.net/vote/694105911664443472.html]
[botsbase.net/image4c2a.png]
[botsbase.net/user/653292441880887297.html]
[botsbase.net/image3a67.png]
[botsbase.net/user/534267874794143745]
[botsbase.net/bot/694105911664443472.html]
[botsbase.net/image2bf3.png]
[botsbase.net/invite/744506496255000596]
[botsbase.net/vote/744506496255000596.html]
[botsbase.net/imagef42a.png]
[botsbase.net/user/363047525097275392.html]
[botsbase.net/bot/744506496255000596.html]
[stackpath.bootstrapcdn.com/bootstrap/4.1.3/css/bootstrap.min.css]
[botsbase.net/image6027.png]
[botsbase.net/invite/765901593123618856]
[botsbase.net/vote/765901593123618856.html]
[botsbase.net/imageec6f.png]
[botsbase.net/bot/765901593123618856.html]
[botsbase.net/user/613444141170425962.html]
[botsbase.net/imagef85f.png]
[botsbase.net/invite/769093130866786334]
[botsbase.net/vote/769093130866786334.html]
[botsbase.net/image4517.png]
[botsbase.net/bot/769093130866786334.html]
[botsbase.net/user/701504070661177466.html]
[botsbase.net/imagee051.png]
[botsbase.net/invite/737577618769182731]
[botsbase.net/vote/737577618769182731.html]
[botsbase.net/imageacc7.png]
[botsbase.net/bot/737577618769182731.html]
[botsbase.net/user/289814637631897601.html]
[botsbase.net/imagee7be.png]
[botsbase.net/invite/740345917542105149]
[botsbase.net/vote/740345917542105149.html]
[botsbase.net/imagecaf9.png]
[botsbase.net/bot/740345917542105149.html]
[botsbase.net/user/735555273644703915.html]
[botsbase.net/image12c8.png]
[botsbase.net/invite/734819219618660373]
[botsbase.net/vote/734819219618660373.html]
[botsbase.net/image541e.png]
[botsbase.net/bot/734819219618660373.html]
[botsbase.net/user/548145246983159808.html]
[botsbase.net/image80b7.png]
[botsbase.net/invite/732309072845602936]
[botsbase.net/vote/732309072845602936.html]
[botsbase.net/bot/aaouchbot.me]
[botsbase.net/image5697.png]
[botsbase.net/user/749662028083494994.html]
[botsbase.net/image0fab.png]
[botsbase.net/user/461212138346905600]
[botsbase.net/image3edd-2.png]
[botsbase.net/user/317291220802076673]
[botsbase.net/bot/732309072845602936.html]
[botsbase.net/imageb643.png]
[botsbase.net/invite/744990839339483276]
[botsbase.net/vote/744990839339483276.html]
[botsbase.net/image8a5a.png]
[botsbase.net/bot/744990839339483276.html]
[botsbase.net/user/631545259297603625.html]
[botsbase.net/bot/625333903678373889.html]
[botsbase.net/image8c01.png]
[botsbase.net/bot/648935459090726926.html]
[botsbase.net/image497d.png]
[botsbase.net/bot/781590124067946507.html]
[botsbase.net/imagee778.png]
[botsbase.net/bot/752539462965133452.html]
[botsbase.net/imaged5f2.png]
[botsbase.net/bot/754614269294673920.html]
[botsbase.net/image4caa.png]
[botsbase.net/bot/769699850777526285.html]
[botsbase.net/imaged781.png]
[botsbase.net/bot/715979315791265862.html]
[botsbase.net/imagee86d.png]
[botsbase.net/bot/767018722484420629.html]
[botsbase.net/image9191.png]
[botsbase.net/bot/757229843871039489.html]
[botsbase.net/imagea03c.png]
[botsbase.net/bot/781412507729657856.html]
[botsbase.net/image1e42.png]
[botsbase.net/bot/761192510730010654.html]
[botsbase.net/imagea0c1.png]
[botsbase.net/bot/709800322498822186.html]
[botsbase.net/image683f.png]
[botsbase.net/botsaf4d.html]
[botsbase.net/botsc575.html]
[botsbase.net/tag/Moderationaf4d.html]
[botsbase.net/tag/Moderationc575.html]
[botsbase.net/tag/Musicaf4d.html]
[botsbase.net/tag/Musicc575.html]
[botsbase.net/tag/Funaf4d.html]
[botsbase.net/tag/Func575.html]
[botsbase.net/tag/Gameaf4d.html]
[botsbase.net/tag/Gamec575.html]
[botsbase.net/tag/Turhish9ba9]
[botsbase.net/tag/Turhishfdb0.html]
[botsbase.net/tag/Autorolefdb0.html]
[botsbase.net/tag/Autoroleaf4d.html]
[botsbase.net/tag/Turkishfdb0.html]
[botsbase.net/tag/Turkishaf4d.html]
[botsbase.net/tag/Invitefdb0.html]
[botsbase.net/tag/Inviteaf4d.html]
[botsbase.net/tag/Emojisfdb0.html]
[botsbase.net/tag/Emojisaf4d.html]
[botsbase.net/tag/Memefdb0.html]
[botsbase.net/tag/Memeaf4d.html]
[botsbase.net/tag/NSFWfdb0.html]
[botsbase.net/tag/NSFWaf4d.html]
[botsbase.net/tag/Minecraftfdb0.html]
[botsbase.net/tag/Minecraftaf4d.html]
[botsbase.net/tag/Fortnitefdb0.html]
[botsbase.net/tag/Fortniteaf4d.html]
[botsbase.net/image40c4.png]
[botsbase.net/vote/707338477074776126.html]
[botsbase.net/user/536120588691832852.html]
[botsbase.net/image70bd.png]
[botsbase.net/vote/735147814878969968.html]
[botsbase.net/user/691288534375596062.html]
[botsbase.net/image7f11.png]
[botsbase.net/vote/769839008544718849.html]
[botsbase.net/user/743164994270527588.html]
[botsbase.net/imagecf1e.png]
[botsbase.net/vote/694105911664443472.html]
[botsbase.net/user/653292441880887297.html]
[botsbase.net/imagef531.png]
[botsbase.net/vote/744506496255000596.html]
[botsbase.net/user/363047525097275392.html]
[stackpath.bootstrapcdn.com/bootstrap/4.1.3/css/bootstrap.min.css]
[botsbase.net/image1461.png]
[botsbase.net/vote/765901593123618856.html]
[botsbase.net/user/613444141170425962.html]
[botsbase.net/image6f0e.png]
[botsbase.net/vote/769093130866786334.html]
[botsbase.net/user/701504070661177466.html]
[botsbase.net/image8807.png]
[botsbase.net/vote/737577618769182731.html]
[botsbase.net/user/289814637631897601.html]
[botsbase.net/image053e.png]
[botsbase.net/vote/740345917542105149.html]
[botsbase.net/user/735555273644703915.html]
[botsbase.net/image7f01.png]
[botsbase.net/vote/734819219618660373.html]
[botsbase.net/image791a.png]
[botsbase.net/user/548145246983159808.html]
[botsbase.net/image7a1a.png]
[botsbase.net/vote/732309072845602936.html]
[botsbase.net/user/749662028083494994.html]
[botsbase.net/image70c3.png]
[botsbase.net/vote/744990839339483276.html]
[botsbase.net/user/631545259297603625.html]
[botsbase.net/image07b9.png]
[botsbase.net/invite/625333903678373889]
[botsbase.net/vote/625333903678373889.html]
[botsbase.net/image2b81.png]
[botsbase.net/bot/625333903678373889.html]
[botsbase.net/user/419363424733102080.html]
[botsbase.net/imagea606.png]
[botsbase.net/invite/648935459090726926]
[botsbase.net/vote/648935459090726926.html]
[botsbase.net/image10c3.png]
[botsbase.net/bot/648935459090726926.html]
[botsbase.net/user/766245173985280000.html]
[botsbase.net/image111c.png]
[botsbase.net/invite/781590124067946507]
[botsbase.net/vote/781590124067946507.html]
[botsbase.net/imagee5a7.png]
[botsbase.net/bot/781590124067946507.html]
[botsbase.net/user/669183369183232020.html]
[botsbase.net/image7ecb.png]
[botsbase.net/invite/752539462965133452]
[botsbase.net/vote/752539462965133452.html]
[botsbase.net/imagec246.png]
[botsbase.net/bot/752539462965133452.html]
[botsbase.net/user/703330732273303603.html]
[botsbase.net/image86eb.png]
[botsbase.net/invite/754614269294673920]
[botsbase.net/vote/754614269294673920.html]
[botsbase.net/image0ae4.png]
[botsbase.net/bot/754614269294673920.html]
[botsbase.net/user/548957666517450759.html]
[botsbase.net/imagecd10.png]
[botsbase.net/invite/769699850777526285]
[botsbase.net/vote/769699850777526285.html]
[botsbase.net/image83d9.png]
[botsbase.net/bot/769699850777526285.html]
[botsbase.net/user/664715675071283200.html]
[botsbase.net/imagef16d.png]
[botsbase.net/invite/715979315791265862]
[botsbase.net/vote/715979315791265862.html]
[botsbase.net/imaged36f.png]
[botsbase.net/bot/715979315791265862.html]
[botsbase.net/user/655426465852293131.html]
[botsbase.net/image2052.png]
[botsbase.net/invite/767018722484420629]
[botsbase.net/vote/767018722484420629.html]
[botsbase.net/imagee109.png]
[botsbase.net/bot/767018722484420629.html]
[botsbase.net/user/579310061533397001.html]
[botsbase.net/image3d47.png]
[botsbase.net/invite/757229843871039489]
[botsbase.net/vote/757229843871039489.html]
[botsbase.net/image7f43.png]
[botsbase.net/bot/757229843871039489.html]
[botsbase.net/user/698985088607715369.html]
[botsbase.net/imageb26b.png]
[botsbase.net/invite/781412507729657856]
[botsbase.net/vote/781412507729657856.html]
[botsbase.net/imagef5e7.png]
[botsbase.net/bot/781412507729657856.html]
[botsbase.net/user/684775942429999142.html]
[botsbase.net/imagec0c4.png]
[botsbase.net/invite/761192510730010654]
[botsbase.net/vote/761192510730010654.html]
[botsbase.net/imageceb8.png]
[botsbase.net/user/709156119423090819]
[botsbase.net/bot/761192510730010654.html]
[botsbase.net/imagecf0f.png]
[botsbase.net/invite/709800322498822186]
[botsbase.net/vote/709800322498822186.html]
[botsbase.net/image42ff.png]
[botsbase.net/bot/709800322498822186.html]
[botsbase.net/user/435480647201456149.html]
[botsbase.net/bot/770894555909193749.html]
[botsbase.net/image2a94.png]
[botsbase.net/bot/784358826773839964.html]
[botsbase.net/image7e03.png]
[botsbase.net/bot/761193306024706058.html]
[botsbase.net/image819d.png]
[botsbase.net/bot/751751095600021514.html]
[botsbase.net/image4ba8.png]
[botsbase.net/bot/780433547679891467.html]
[botsbase.net/image281b.png]
[botsbase.net/bot/760865843335659560.html]
[botsbase.net/imageabec.png]
[botsbase.net/bot/782974482842648577.html]
[botsbase.net/imageb06c.png]
[botsbase.net/bot/741733137884643409.html]
[botsbase.net/image079b.png]
[botsbase.net/botsc575.html]
[botsbase.net/bots235c.html]
[botsbase.net/tag/Moderationc575.html]
[botsbase.net/tag/Moderation235c.html]
[botsbase.net/tag/Musicc575.html]
[botsbase.net/tag/Music235c.html]
[botsbase.net/tag/Fun235c.html]
[botsbase.net/tag/Func575.html]
[botsbase.net/tag/Gamec575.html]
[botsbase.net/tag/Game235c.html]
[botsbase.net/tag/Turhishfdb0.html]
[botsbase.net/tag/Turhishaf4d.html]
[botsbase.net/imagec018.png]
[botsbase.net/tag/Autoroleaf4d.html]
[botsbase.net/tag/Autorolec575.html]
[botsbase.net/tag/Turkishaf4d.html]
[botsbase.net/tag/Turkishc575.html]
[botsbase.net/tag/Inviteaf4d.html]
[botsbase.net/tag/Invitec575.html]
[botsbase.net/tag/Emojisaf4d.html]
[botsbase.net/tag/Emojisc575.html]
[botsbase.net/tag/Memeaf4d.html]
[botsbase.net/tag/Memec575.html]
[botsbase.net/tag/NSFWaf4d.html]
[botsbase.net/tag/NSFWc575.html]
[botsbase.net/tag/Minecraftaf4d.html]
[botsbase.net/tag/Minecraftc575.html]
[botsbase.net/tag/Fortniteaf4d.html]
[botsbase.net/tag/Fortnitec575.html]
[botsbase.net/image2258.png]
[botsbase.net/vote/625333903678373889.html]
[botsbase.net/user/419363424733102080.html]
[botsbase.net/image9c17.png]
[botsbase.net/vote/648935459090726926.html]
[botsbase.net/user/766245173985280000.html]
[botsbase.net/image80e9.png]
[botsbase.net/vote/781590124067946507.html]
[botsbase.net/user/669183369183232020.html]
[botsbase.net/image72a2.png]
[botsbase.net/vote/752539462965133452.html]
[botsbase.net/user/703330732273303603.html]
[botsbase.net/image57a9.png]
[botsbase.net/vote/754614269294673920.html]
[botsbase.net/user/548957666517450759.html]
[botsbase.net/image6b9f.png]
[botsbase.net/vote/769699850777526285.html]
[botsbase.net/user/664715675071283200.html]
[botsbase.net/image5a8b.png]
[botsbase.net/vote/715979315791265862.html]
[botsbase.net/user/655426465852293131.html]
[botsbase.net/imageeb18.png]
[botsbase.net/vote/767018722484420629.html]
[botsbase.net/user/579310061533397001.html]
[botsbase.net/imagea50f.png]
[botsbase.net/vote/757229843871039489.html]
[botsbase.net/user/698985088607715369.html]
[botsbase.net/image2792.png]
[botsbase.net/vote/781412507729657856.html]
[botsbase.net/user/684775942429999142.html]
[botsbase.net/image0ba8.png]
[botsbase.net/vote/761192510730010654.html]
[botsbase.net/image643f.png]
[botsbase.net/vote/709800322498822186.html]
[botsbase.net/user/435480647201456149.html]
[botsbase.net/image1bdb.png]
[botsbase.net/invite/770894555909193749]
[botsbase.net/vote/770894555909193749.html]
[botsbase.net/image0edb.png]
[botsbase.net/bot/770894555909193749.html]
[botsbase.net/user/315848706677014528.html]
[botsbase.net/image0f1f.png]
[botsbase.net/invite/784358826773839964]
[botsbase.net/vote/784358826773839964.html]
[botsbase.net/bot/784358826773839964.html]
[botsbase.net/imagee659.png]
[botsbase.net/invite/761193306024706058]
[botsbase.net/vote/761193306024706058.html]
[botsbase.net/image52a1.png]
[botsbase.net/user/461194229431926785.html]
[botsbase.net/bot/761193306024706058.html]
[botsbase.net/image386b.png]
[botsbase.net/invite/751751095600021514]
[botsbase.net/vote/751751095600021514.html]
[botsbase.net/image9e9f.png]
[botsbase.net/bot/751751095600021514.html]
[botsbase.net/user/695712816316940347.html]
[botsbase.net/image8e80.png]
[botsbase.net/invite/780433547679891467]
[botsbase.net/vote/780433547679891467.html]
[botsbase.net/imageca87.png]
[botsbase.net/bot/780433547679891467.html]
[botsbase.net/user/743798972593864834.html]
[botsbase.net/image94da.png]
[botsbase.net/invite/760865843335659560]
[botsbase.net/bot/760865843335659560.html]
[botsbase.net/vote/760865843335659560.html]
[botsbase.net/imaged4b1.png]
[botsbase.net/invite/782974482842648577]
[botsbase.net/vote/782974482842648577.html]
[botsbase.net/bot/gorona.tr.gg]
[botsbase.net/image1ead.png]
[botsbase.net/bot/782974482842648577.html]
[botsbase.net/user/355611167286362122.html]
[botsbase.net/image4a87.png]
[botsbase.net/invite/741733137884643409]
[botsbase.net/vote/741733137884643409.html]
[botsbase.net/imagebd62.png]
[botsbase.net/bot/741733137884643409.html]
[botsbase.net/user/408099256767873034.html]
[botsbase.net/bots235c.html]
[botsbase.net/botsfdfa.html]
[botsbase.net/tag/Moderation235c.html]
[botsbase.net/tag/Moderationfdfa.html]
[botsbase.net/tag/Musicfdfa.html]
[botsbase.net/tag/Music235c.html]
[botsbase.net/tag/Fun235c.html]
[botsbase.net/tag/Funfdfa.html]
[botsbase.net/tag/Game235c.html]
[botsbase.net/tag/Gamefdfa.html]
[botsbase.net/tag/Turhishaf4d.html]
[botsbase.net/tag/Turhishc575.html]
[botsbase.net/tag/Autorolec575.html]
[botsbase.net/tag/Autorole235c.html]
[botsbase.net/tag/Turkishc575.html]
[botsbase.net/tag/Turkish235c.html]
[botsbase.net/tag/Invitec575.html]
[botsbase.net/tag/Invite235c.html]
[botsbase.net/tag/Emojisc575.html]
[botsbase.net/tag/Emojis235c.html]
[botsbase.net/tag/Memec575.html]
[botsbase.net/tag/Meme235c.html]
[botsbase.net/tag/NSFWc575.html]
[botsbase.net/tag/NSFW235c.html]
[botsbase.net/tag/Minecraftc575.html]
[botsbase.net/tag/Minecraft235c.html]
[botsbase.net/tag/Fortnite235c.html]
[botsbase.net/tag/Fortnitec575.html]
[botsbase.net/image8eae.png]
[botsbase.net/vote/770894555909193749.html]
[botsbase.net/user/315848706677014528.html]
[botsbase.net/imageec08.png]
[botsbase.net/vote/784358826773839964.html]
[botsbase.net/imageec52.png]
[botsbase.net/vote/761193306024706058.html]
[botsbase.net/user/461194229431926785.html]
[botsbase.net/image4245.png]
[botsbase.net/vote/751751095600021514.html]
[botsbase.net/user/695712816316940347.html]
[botsbase.net/imageb26a.png]
[botsbase.net/vote/780433547679891467.html]
[botsbase.net/user/743798972593864834.html]
[botsbase.net/imagec2cb.png]
[botsbase.net/vote/760865843335659560.html]
[botsbase.net/imagee748.png]
[botsbase.net/vote/782974482842648577.html]
[botsbase.net/user/355611167286362122.html]
[botsbase.net/imagebf69.png]
[botsbase.net/vote/741733137884643409.html]
[botsbase.net/user/408099256767873034.html]
[botsbase.net/botsfdfa.html]
[botsbase.net/tag/Moderationfdfa.html]
[botsbase.net/tag/Musicfdfa.html]
[botsbase.net/tag/Funfdfa.html]
[botsbase.net/tag/Gamefdfa.html]
[botsbase.net/tag/Turhishc575.html]
[botsbase.net/tag/Turhish235c.html]
[botsbase.net/tag/Autorole235c.html]
[botsbase.net/tag/Autorolefdfa.html]
[botsbase.net/tag/Turkish235c.html]
[botsbase.net/tag/Turkishfdfa.html]
[botsbase.net/tag/Invite235c.html]
[botsbase.net/tag/Invitefdfa.html]
[botsbase.net/tag/Emojisfdfa.html]
[botsbase.net/tag/Emojis235c.html]
[botsbase.net/tag/Meme235c.html]
[botsbase.net/tag/Memefdfa.html]
[botsbase.net/tag/NSFW235c.html]
[botsbase.net/tag/NSFWfdfa.html]
[botsbase.net/tag/Minecraft235c.html]
[botsbase.net/tag/Minecraftfdfa.html]
[botsbase.net/tag/Fortnite235c.html]
[botsbase.net/tag/Fortnitefdfa.html]
[botsbase.net/tag/Turhish235c.html]
[botsbase.net/tag/Turhishfdfa.html]
[botsbase.net/tag/Autorolefdfa.html]
[botsbase.net/tag/Turkishfdfa.html]
[botsbase.net/tag/Invitefdfa.html]
[botsbase.net/tag/Emojisfdfa.html]
[botsbase.net/tag/Memefdfa.html]
[botsbase.net/tag/NSFWfdfa.html]
[botsbase.net/tag/Minecraftfdfa.html]
[botsbase.net/tag/Fortnitefdfa.html]
[botsbase.net/tag/Turhishfdfa.html]
